

================================================================
== Vivado HLS Report for 'subsequence_search'
================================================================
* Date:           Wed Aug 11 12:19:23 2021

* Version:        2020.1 (Build 2897737 on Wed May 27 20:21:37 MDT 2020)
* Project:        squiggle_search_accelerator
* Solution:       solution1
* Product family: zynq
* Target device:  xc7z020-clg484-1


================================================================
== Performance Estimates
================================================================
+ Timing: 
    * Summary: 
    +--------+----------+----------+------------+
    |  Clock |  Target  | Estimated| Uncertainty|
    +--------+----------+----------+------------+
    |ap_clk  | 10.00 ns | 8.358 ns |   1.25 ns  |
    +--------+----------+----------+------------+

+ Latency: 
    * Summary: 
    +----------+----------+-----------+-----------+----------+----------+---------+
    |   Latency (cycles)  |   Latency (absolute)  |       Interval      | Pipeline|
    |    min   |    max   |    min    |    max    |    min   |    max   |   Type  |
    +----------+----------+-----------+-----------+----------+----------+---------+
    |  36324256|  36324256| 0.363 sec | 0.363 sec |  36324256|  36324256|   none  |
    +----------+----------+-----------+-----------+----------+----------+---------+

    + Detail: 
        * Instance: 
        N/A

        * Loop: 
        +---------------------+----------+----------+----------+-----------+-----------+-------+----------+
        |                     |   Latency (cycles)  | Iteration|  Initiation Interval  |  Trip |          |
        |      Loop Name      |    min   |    max   |  Latency |  achieved |   target  | Count | Pipelined|
        +---------------------+----------+----------+----------+-----------+-----------+-------+----------+
        |- sdtw_col_0_label   |       747|       747|         3|          -|          -|    249|    no    |
        |- sdtw_col_j_label   |  36323504|  36323504|       749|          -|          -|  48496|    no    |
        | + sdtw_row_i_label  |       744|       744|         3|          -|          -|    248|    no    |
        +---------------------+----------+----------+----------+-----------+-----------+-------+----------+



================================================================
== Utilization Estimates
================================================================
* Summary: 
+-----------------+---------+-------+--------+-------+-----+
|       Name      | BRAM_18K| DSP48E|   FF   |  LUT  | URAM|
+-----------------+---------+-------+--------+-------+-----+
|DSP              |        -|      -|       -|      -|    -|
|Expression       |        -|      -|       0|    900|    -|
|FIFO             |        -|      -|       -|      -|    -|
|Instance         |        -|      -|       -|      -|    -|
|Memory           |        2|      -|       0|      0|    0|
|Multiplexer      |        -|      -|       -|    317|    -|
|Register         |        -|      -|     590|      -|    -|
+-----------------+---------+-------+--------+-------+-----+
|Total            |        2|      0|     590|   1217|    0|
+-----------------+---------+-------+--------+-------+-----+
|Available        |      280|    220|  106400|  53200|    0|
+-----------------+---------+-------+--------+-------+-----+
|Utilization (%)  |    ~0   |      0|   ~0   |      2|    0|
+-----------------+---------+-------+--------+-------+-----+

+ Detail: 
    * Instance: 
    N/A

    * DSP48E: 
    N/A

    * Memory: 
    +----------+----------------------+---------+---+----+-----+------+-----+------+-------------+
    |  Memory  |        Module        | BRAM_18K| FF| LUT| URAM| Words| Bits| Banks| W*Bits*Banks|
    +----------+----------------------+---------+---+----+-----+------+-----+------+-------------+
    |cost_x_U  |subsequence_searcbkb  |        2|  0|   0|    0|   250|   32|     1|         8000|
    +----------+----------------------+---------+---+----+-----+------+-----+------+-------------+
    |Total     |                      |        2|  0|   0|    0|   250|   32|     1|         8000|
    +----------+----------------------+---------+---+----+-----+------+-----+------+-------------+

    * FIFO: 
    N/A

    * Expression: 
    +-------------------------+----------+-------+---+----+------------+------------+
    |      Variable Name      | Operation| DSP48E| FF| LUT| Bitwidth P0| Bitwidth P1|
    +-------------------------+----------+-------+---+----+------------+------------+
    |add_ln26_1_fu_384_p2     |     +    |      0|  0|  39|          32|          32|
    |add_ln26_fu_359_p2       |     +    |      0|  0|  15|           8|           2|
    |add_ln50_fu_467_p2       |     +    |      0|  0|  39|          32|          32|
    |i_fu_417_p2              |     +    |      0|  0|  15|           8|           1|
    |j_fu_473_p2              |     +    |      0|  0|  23|          16|           1|
    |r_fu_370_p2              |     +    |      0|  0|  15|           8|           1|
    |top_1_fu_514_p2          |     +    |      0|  0|  39|          32|          32|
    |grp_fu_291_p2            |     -    |      0|  0|  39|          32|          32|
    |grp_fu_326_p2            |     -    |      0|  0|  39|           1|          32|
    |neg12_fu_433_p2          |     -    |      0|  0|  39|           1|          32|
    |neg9_fu_485_p2           |     -    |      0|  0|  39|           1|          32|
    |sub_ln43_fu_479_p2       |     -    |      0|  0|  39|          32|          32|
    |sub_ln50_fu_428_p2       |     -    |      0|  0|  39|          32|          32|
    |abscond10_fu_490_p2      |   icmp   |      0|  0|  18|          32|           1|
    |abscond13_fu_439_p2      |   icmp   |      0|  0|  18|          32|           1|
    |grp_fu_297_p2            |   icmp   |      0|  0|  18|          32|          32|
    |grp_fu_332_p2            |   icmp   |      0|  0|  18|          32|           1|
    |icmp_ln11_1_fu_502_p2    |   icmp   |      0|  0|  18|          32|          32|
    |icmp_ln11_fu_453_p2      |   icmp   |      0|  0|  18|          32|          32|
    |icmp_ln25_fu_348_p2      |   icmp   |      0|  0|  11|           8|           4|
    |icmp_ln33_fu_395_p2      |   icmp   |      0|  0|  13|          16|          16|
    |icmp_ln42_fu_406_p2      |   icmp   |      0|  0|  11|           8|           4|
    |icmp_ln51_fu_521_p2      |   icmp   |      0|  0|  18|          32|          32|
    |abs11_fu_495_p3          |  select  |      0|  0|  32|           1|          32|
    |abs14_fu_445_p3          |  select  |      0|  0|  32|           1|          32|
    |abs5_fu_376_p3           |  select  |      0|  0|  32|           1|          32|
    |grp_fu_303_p3            |  select  |      0|  0|  32|           1|          32|
    |grp_fu_338_p3            |  select  |      0|  0|  32|           1|          32|
    |min_2_fu_459_p3          |  select  |      0|  0|  32|           1|          32|
    |min_3_fu_507_p3          |  select  |      0|  0|  32|           1|          32|
    |select_ln51_1_fu_533_p3  |  select  |      0|  0|  32|           1|          32|
    |select_ln51_2_fu_540_p3  |  select  |      0|  0|  32|           1|          32|
    |select_ln51_fu_526_p3    |  select  |      0|  0|  32|           1|          32|
    +-------------------------+----------+-------+---+----+------------+------------+
    |Total                    |          |      0|  0| 900|         501|         768|
    +-------------------------+----------+-------+---+----+------------+------------+

    * Multiplexer: 
    +------------------------------+----+-----------+-----+-----------+
    |             Name             | LUT| Input Size| Bits| Total Bits|
    +------------------------------+----+-----------+-----+-----------+
    |agg_result_dist_load_reg_228  |   9|          2|   32|         64|
    |agg_result_dist_loca_reg_204  |   9|          2|   32|         64|
    |agg_result_end_posit_reg_215  |   9|          2|   32|         64|
    |ap_NS_fsm                     |  62|         15|    1|         15|
    |cost_x_address0               |  33|          6|    8|         48|
    |cost_x_address1               |  33|          6|    8|         48|
    |cost_x_d0                     |  15|          3|   32|         96|
    |cost_x_d1                     |  21|          4|   32|        128|
    |grp_fu_291_p0                 |  15|          3|   32|         96|
    |grp_fu_291_p1                 |  15|          3|   32|         96|
    |i_0_reg_280                   |   9|          2|    8|         16|
    |j_0_reg_238                   |   9|          2|   16|         32|
    |min_1_reg_250                 |   9|          2|   32|         64|
    |min_reg_271                   |   9|          2|   32|         64|
    |r_0_reg_193                   |   9|          2|    8|         16|
    |top_left_1_reg_260            |   9|          2|   32|         64|
    |x_address0                    |  27|          5|    8|         40|
    |y_address0                    |  15|          3|   16|         48|
    +------------------------------+----+-----------+-----+-----------+
    |Total                         | 317|         66|  393|       1063|
    +------------------------------+----+-----------+-----+-----------+

    * Register: 
    +------------------------------+----+----+-----+-----------+
    |             Name             | FF | LUT| Bits| Const Bits|
    +------------------------------+----+----+-----+-----------+
    |add_ln50_reg_669              |  32|   0|   32|          0|
    |agg_result_dist_load_reg_228  |  32|   0|   32|          0|
    |agg_result_dist_loca_reg_204  |  32|   0|   32|          0|
    |agg_result_end_posit_reg_215  |  32|   0|   32|          0|
    |ap_CS_fsm                     |  14|   0|   14|          0|
    |i_0_reg_280                   |   8|   0|    8|          0|
    |i_reg_659                     |   8|   0|    8|          0|
    |j_0_reg_238                   |  16|   0|   16|          0|
    |j_reg_677                     |  16|   0|   16|          0|
    |left_1_reg_689                |  32|   0|   32|          0|
    |min_1_reg_250                 |  32|   0|   32|          0|
    |min_reg_271                   |  32|   0|   32|          0|
    |r_0_reg_193                   |   8|   0|    8|          0|
    |r_reg_586                     |   8|   0|    8|          0|
    |reg_311                       |  32|   0|   32|          0|
    |reg_316                       |  32|   0|   32|          0|
    |reg_320                       |  32|   0|   32|          0|
    |select_ln7_1_reg_653          |  32|   0|   32|          0|
    |sub_ln43_reg_682              |  32|   0|   32|          0|
    |top_left_1_reg_260            |  32|   0|   32|          0|
    |x_load_2_reg_607              |  32|   0|   32|          0|
    |x_load_reg_557                |  32|   0|   32|          0|
    |zext_ln26_reg_571             |   8|   0|   64|         56|
    |zext_ln33_reg_612             |  16|   0|   32|         16|
    |zext_ln43_reg_643             |   8|   0|   64|         56|
    +------------------------------+----+----+-----+-----------+
    |Total                         | 590|   0|  718|        128|
    +------------------------------+----+----+-----+-----------+



================================================================
== Interface
================================================================
* Summary: 
+--------------------------------+-----+-----+------------+-------------------------+--------------+
|            RTL Ports           | Dir | Bits|  Protocol  |      Source Object      |    C Type    |
+--------------------------------+-----+-----+------------+-------------------------+--------------+
|ap_clk                          |  in |    1| ap_ctrl_hs |    subsequence_search   | return value |
|ap_rst                          |  in |    1| ap_ctrl_hs |    subsequence_search   | return value |
|ap_start                        |  in |    1| ap_ctrl_hs |    subsequence_search   | return value |
|ap_done                         | out |    1| ap_ctrl_hs |    subsequence_search   | return value |
|ap_idle                         | out |    1| ap_ctrl_hs |    subsequence_search   | return value |
|ap_ready                        | out |    1| ap_ctrl_hs |    subsequence_search   | return value |
|agg_result_dist                 | out |   32|   ap_vld   |     agg_result_dist     |    pointer   |
|agg_result_dist_ap_vld          | out |    1|   ap_vld   |     agg_result_dist     |    pointer   |
|agg_result_end_position         | out |   32|   ap_vld   | agg_result_end_position |    pointer   |
|agg_result_end_position_ap_vld  | out |    1|   ap_vld   | agg_result_end_position |    pointer   |
|x_address0                      | out |    8|  ap_memory |            x            |     array    |
|x_ce0                           | out |    1|  ap_memory |            x            |     array    |
|x_q0                            |  in |   32|  ap_memory |            x            |     array    |
|y_address0                      | out |   16|  ap_memory |            y            |     array    |
|y_ce0                           | out |    1|  ap_memory |            y            |     array    |
|y_q0                            |  in |   32|  ap_memory |            y            |     array    |
+--------------------------------+-----+-----+------------+-------------------------+--------------+

